[2026-02-20T01:22:28.000Z] [VEHICLE_ID:VH-1019] [WARN] [CODE:P0442] Evaporative emission control system leak detected (small leak)
[2026-02-15T23:35:24.000Z] [VEHICLE_ID:VH-1010] [WARN] [CODE:P0171] System too lean (Bank 1)
[2026-02-14T09:28:45.000Z] [VEHICLE_ID:VH-1013] [INFO] [CODE:P0000] Vehicle systems nominal — all checks passed
[2026-02-14T11:14:54.000Z] [VEHICLE_ID:VH-1012] [WARN] [CODE:P0300] Random/multiple cylinder misfire detected
[2026-02-19T12:54:48.000Z] [VEHICLE_ID:VH-1005] [WARN] [CODE:C0050] Right rear wheel speed sensor circuit malfunction
[2026-02-14T13:16:11.000Z] [VEHICLE_ID:VH-1020] [INFO] [CODE:B0000] Comfort module self-test completed successfully
[2026-02-19T03:39:06.000Z] [VEHICLE_ID:VH-1016] [INFO] [CODE:B0000] Comfort module self-test completed successfully
[2026-02-15T20:36:59.000Z] [VEHICLE_ID:VH-1003] [INFO] [CODE:P0000] Vehicle systems nominal — all checks passed
[2026-02-14T15:58:54.000Z] [VEHICLE_ID:VH-1001] [ERROR] [CODE:P0420] Catalyst system efficiency below threshold (Bank 1)
[2026-02-16T03:15:22.000Z] [VEHICLE_ID:VH-1016] [INFO] [CODE:U0000] Network communication bus check passed
[2026-02-20T02:47:46.000Z] [VEHICLE_ID:VH-1020] [INFO] [CODE:U0000] Network communication bus check passed
[2026-02-17T20:19:23.000Z] [VEHICLE_ID:VH-1011] [INFO] [CODE:P0000] Vehicle systems nominal — all checks passed
[2026-02-17T01:26:49.000Z] [VEHICLE_ID:VH-1014] [ERROR] [CODE:U0100] Lost communication with ECM/PCM
[2026-02-15T17:21:04.000Z] [VEHICLE_ID:VH-1016] [INFO] [CODE:U0000] Network communication bus check passed
[2026-02-15T03:29:06.000Z] [VEHICLE_ID:VH-1015] [WARN] [CODE:P0442] Evaporative emission control system leak detected (small leak)
[2026-02-15T05:07:54.000Z] [VEHICLE_ID:VH-1002] [ERROR] [CODE:U0401] Invalid data received from ECM/PCM
[2026-02-17T02:11:02.000Z] [VEHICLE_ID:VH-1012] [INFO] [CODE:C0000] Chassis stability control system operational
[2026-02-16T23:33:58.000Z] [VEHICLE_ID:VH-1020] [WARN] [CODE:P0171] System too lean (Bank 1)
[2026-02-18T14:06:53.000Z] [VEHICLE_ID:VH-1006] [WARN] [CODE:P0128] Coolant thermostat temperature below regulating
[2026-02-17T15:36:31.000Z] [VEHICLE_ID:VH-1009] [ERROR] [CODE:B1234] Interior ambient temperature sensor circuit malfunction
[2026-02-19T21:17:55.000Z] [VEHICLE_ID:VH-1018] [INFO] [CODE:C0000] Chassis stability control system operational
[2026-02-17T06:53:09.000Z] [VEHICLE_ID:VH-1002] [INFO] [CODE:P0000] Vehicle systems nominal — all checks passed
[2026-02-18T09:22:35.000Z] [VEHICLE_ID:VH-1010] [ERROR] [CODE:P0171] System too lean (Bank 1)
[2026-02-16T19:13:29.000Z] [VEHICLE_ID:VH-1004] [ERROR] [CODE:C0035] Left front wheel speed sensor circuit malfunction
[2026-02-19T05:32:44.000Z] [VEHICLE_ID:VH-1004] [INFO] [CODE:C0000] Chassis stability control system operational
[2026-02-20T17:29:14.000Z] [VEHICLE_ID:VH-1016] [INFO] [CODE:C0000] Chassis stability control system operational
[2026-02-16T20:02:54.000Z] [VEHICLE_ID:VH-1019] [WARN] [CODE:P0300] Random/multiple cylinder misfire detected
[2026-02-15T18:38:01.000Z] [VEHICLE_ID:VH-1015] [INFO] [CODE:C0000] Chassis stability control system operational
[2026-02-20T14:20:00.000Z] [VEHICLE_ID:VH-1014] [WARN] [CODE:B1234] Interior ambient temperature sensor circuit malfunction
[2026-02-17T01:16:00.000Z] [VEHICLE_ID:VH-1017] [WARN] [CODE:U0401] Invalid data received from ECM/PCM
[2026-02-16T15:55:12.000Z] [VEHICLE_ID:VH-1002] [ERROR] [CODE:C0050] Right rear wheel speed sensor circuit malfunction
[2026-02-14T03:12:40.000Z] [VEHICLE_ID:VH-1010] [WARN] [CODE:P0171] System too lean (Bank 1)
[2026-02-14T05:41:35.000Z] [VEHICLE_ID:VH-1004] [ERROR] [CODE:P0442] Evaporative emission control system leak detected (small leak)
[2026-02-14T01:31:15.000Z] [VEHICLE_ID:VH-1004] [ERROR] [CODE:P0442] Evaporative emission control system leak detected (small leak)
[2026-02-19T09:14:25.000Z] [VEHICLE_ID:VH-1001] [INFO] [CODE:U0000] Network communication bus check passed
[2026-02-20T14:00:58.000Z] [VEHICLE_ID:VH-1012] [INFO] [CODE:C0000] Chassis stability control system operational
[2026-02-18T07:22:09.000Z] [VEHICLE_ID:VH-1015] [INFO] [CODE:C0000] Chassis stability control system operational
[2026-02-14T22:48:13.000Z] [VEHICLE_ID:VH-1005] [WARN] [CODE:P0171] System too lean (Bank 1)
[2026-02-14T21:50:03.000Z] [VEHICLE_ID:VH-1003] [WARN] [CODE:B1234] Interior ambient temperature sensor circuit malfunction
[2026-02-19T07:29:33.000Z] [VEHICLE_ID:VH-1019] [INFO] [CODE:U0000] Network communication bus check passed
[2026-02-20T14:24:31.000Z] [VEHICLE_ID:VH-1003] [INFO] [CODE:B0000] Comfort module self-test completed successfully
[2026-02-15T20:29:24.000Z] [VEHICLE_ID:VH-1016] [WARN] [CODE:P0420] Catalyst system efficiency below threshold (Bank 1)
[2026-02-14T11:20:38.000Z] [VEHICLE_ID:VH-1013] [INFO] [CODE:U0000] Network communication bus check passed
[2026-02-19T01:46:57.000Z] [VEHICLE_ID:VH-1018] [INFO] [CODE:P0000] Vehicle systems nominal — all checks passed
[2026-02-20T02:14:53.000Z] [VEHICLE_ID:VH-1003] [ERROR] [CODE:P0300] Random/multiple cylinder misfire detected
[2026-02-20T05:47:58.000Z] [VEHICLE_ID:VH-1016] [INFO] [CODE:U0000] Network communication bus check passed
[2026-02-17T16:34:51.000Z] [VEHICLE_ID:VH-1012] [INFO] [CODE:B0000] Comfort module self-test completed successfully
[2026-02-19T10:28:25.000Z] [VEHICLE_ID:VH-1004] [INFO] [CODE:B0000] Comfort module self-test completed successfully
[2026-02-15T19:13:02.000Z] [VEHICLE_ID:VH-1004] [INFO] [CODE:B0000] Comfort module self-test completed successfully
[2026-02-18T02:55:52.000Z] [VEHICLE_ID:VH-1003] [WARN] [CODE:P0300] Random/multiple cylinder misfire detected
[2026-02-14T00:52:47.000Z] [VEHICLE_ID:VH-1015] [WARN] [CODE:P0128] Coolant thermostat temperature below regulating
[2026-02-15T06:14:46.000Z] [VEHICLE_ID:VH-1001] [INFO] [CODE:B0000] Comfort module self-test completed successfully
[2026-02-16T21:53:33.000Z] [VEHICLE_ID:VH-1004] [WARN] [CODE:P0420] Catalyst system efficiency below threshold (Bank 1)
[2026-02-17T01:13:55.000Z] [VEHICLE_ID:VH-1009] [WARN] [CODE:U0401] Invalid data received from ECM/PCM
[2026-02-14T00:50:56.000Z] [VEHICLE_ID:VH-1013] [ERROR] [CODE:P0442] Evaporative emission control system leak detected (small leak)
[2026-02-14T12:25:07.000Z] [VEHICLE_ID:VH-1009] [INFO] [CODE:U0000] Network communication bus check passed
[2026-02-17T13:59:30.000Z] [VEHICLE_ID:VH-1019] [INFO] [CODE:C0000] Chassis stability control system operational
[2026-02-15T01:18:05.000Z] [VEHICLE_ID:VH-1012] [INFO] [CODE:B0000] Comfort module self-test completed successfully
[2026-02-14T10:09:23.000Z] [VEHICLE_ID:VH-1019] [INFO] [CODE:C0000] Chassis stability control system operational
[2026-02-20T23:45:04.000Z] [VEHICLE_ID:VH-1018] [WARN] [CODE:U0401] Invalid data received from ECM/PCM
[2026-02-19T08:03:20.000Z] [VEHICLE_ID:VH-1017] [ERROR] [CODE:B1600] Airbag system warning lamp circuit malfunction
[2026-02-20T00:41:05.000Z] [VEHICLE_ID:VH-1007] [INFO] [CODE:C0000] Chassis stability control system operational
[2026-02-17T22:16:56.000Z] [VEHICLE_ID:VH-1007] [WARN] [CODE:C0050] Right rear wheel speed sensor circuit malfunction
[2026-02-19T23:05:17.000Z] [VEHICLE_ID:VH-1008] [INFO] [CODE:C0000] Chassis stability control system operational
[2026-02-20T04:37:46.000Z] [VEHICLE_ID:VH-1016] [WARN] [CODE:U0401] Invalid data received from ECM/PCM
[2026-02-20T15:57:49.000Z] [VEHICLE_ID:VH-1019] [WARN] [CODE:B1234] Interior ambient temperature sensor circuit malfunction
[2026-02-15T15:55:27.000Z] [VEHICLE_ID:VH-1019] [WARN] [CODE:C0050] Right rear wheel speed sensor circuit malfunction
[2026-02-19T16:39:30.000Z] [VEHICLE_ID:VH-1004] [INFO] [CODE:U0000] Network communication bus check passed
[2026-02-15T00:03:22.000Z] [VEHICLE_ID:VH-1017] [INFO] [CODE:B0000] Comfort module self-test completed successfully
[2026-02-17T22:48:45.000Z] [VEHICLE_ID:VH-1020] [WARN] [CODE:P0442] Evaporative emission control system leak detected (small leak)
[2026-02-17T10:54:57.000Z] [VEHICLE_ID:VH-1016] [INFO] [CODE:P0000] Vehicle systems nominal — all checks passed
[2026-02-18T06:24:42.000Z] [VEHICLE_ID:VH-1009] [INFO] [CODE:U0000] Network communication bus check passed
[2026-02-14T18:48:33.000Z] [VEHICLE_ID:VH-1020] [INFO] [CODE:P0000] Vehicle systems nominal — all checks passed
[2026-02-16T04:20:27.000Z] [VEHICLE_ID:VH-1019] [INFO] [CODE:C0000] Chassis stability control system operational
[2026-02-16T01:54:44.000Z] [VEHICLE_ID:VH-1009] [INFO] [CODE:P0000] Vehicle systems nominal — all checks passed
[2026-02-20T05:55:58.000Z] [VEHICLE_ID:VH-1012] [INFO] [CODE:C0000] Chassis stability control system operational
[2026-02-19T12:54:05.000Z] [VEHICLE_ID:VH-1012] [WARN] [CODE:B1234] Interior ambient temperature sensor circuit malfunction
[2026-02-16T16:14:22.000Z] [VEHICLE_ID:VH-1006] [INFO] [CODE:C0000] Chassis stability control system operational
[2026-02-15T11:50:38.000Z] [VEHICLE_ID:VH-1002] [INFO] [CODE:C0000] Chassis stability control system operational
[2026-02-18T07:54:15.000Z] [VEHICLE_ID:VH-1016] [INFO] [CODE:C0000] Chassis stability control system operational
[2026-02-19T07:51:43.000Z] [VEHICLE_ID:VH-1009] [INFO] [CODE:U0000] Network communication bus check passed
[2026-02-19T11:00:01.000Z] [VEHICLE_ID:VH-1014] [INFO] [CODE:B0000] Comfort module self-test completed successfully
[2026-02-14T04:04:55.000Z] [VEHICLE_ID:VH-1001] [WARN] [CODE:P0300] Random/multiple cylinder misfire detected
[2026-02-17T23:04:50.000Z] [VEHICLE_ID:VH-1015] [INFO] [CODE:P0000] Vehicle systems nominal — all checks passed
[2026-02-16T06:40:28.000Z] [VEHICLE_ID:VH-1011] [INFO] [CODE:P0000] Vehicle systems nominal — all checks passed
[2026-02-18T07:55:51.000Z] [VEHICLE_ID:VH-1010] [INFO] [CODE:P0000] Vehicle systems nominal — all checks passed
[2026-02-15T07:33:39.000Z] [VEHICLE_ID:VH-1011] [INFO] [CODE:U0000] Network communication bus check passed
[2026-02-19T00:24:00.000Z] [VEHICLE_ID:VH-1001] [ERROR] [CODE:B1234] Interior ambient temperature sensor circuit malfunction
[2026-02-15T00:42:42.000Z] [VEHICLE_ID:VH-1003] [INFO] [CODE:U0000] Network communication bus check passed
[2026-02-15T21:08:55.000Z] [VEHICLE_ID:VH-1012] [INFO] [CODE:P0000] Vehicle systems nominal — all checks passed
[2026-02-17T23:08:35.000Z] [VEHICLE_ID:VH-1002] [INFO] [CODE:B0000] Comfort module self-test completed successfully
[2026-02-16T00:26:33.000Z] [VEHICLE_ID:VH-1019] [INFO] [CODE:P0000] Vehicle systems nominal — all checks passed
[2026-02-17T09:05:40.000Z] [VEHICLE_ID:VH-1007] [INFO] [CODE:C0000] Chassis stability control system operational
[2026-02-17T01:35:21.000Z] [VEHICLE_ID:VH-1005] [WARN] [CODE:P0128] Coolant thermostat temperature below regulating
[2026-02-17T10:26:33.000Z] [VEHICLE_ID:VH-1012] [WARN] [CODE:U0401] Invalid data received from ECM/PCM
[2026-02-19T07:57:40.000Z] [VEHICLE_ID:VH-1004] [WARN] [CODE:P0442] Evaporative emission control system leak detected (small leak)
[2026-02-18T23:13:11.000Z] [VEHICLE_ID:VH-1004] [WARN] [CODE:C0050] Right rear wheel speed sensor circuit malfunction
[2026-02-17T14:06:40.000Z] [VEHICLE_ID:VH-1009] [INFO] [CODE:U0000] Network communication bus check passed
[2026-02-16T08:00:03.000Z] [VEHICLE_ID:VH-1005] [ERROR] [CODE:P0128] Coolant thermostat temperature below regulating
[2026-02-16T07:27:46.000Z] [VEHICLE_ID:VH-1001] [WARN] [CODE:C0050] Right rear wheel speed sensor circuit malfunction
[2026-02-17T14:07:34.000Z] [VEHICLE_ID:VH-1001] [INFO] [CODE:C0000] Chassis stability control system operational
[2026-02-19T17:29:34.000Z] [VEHICLE_ID:VH-1015] [INFO] [CODE:P0000] Vehicle systems nominal — all checks passed
[2026-02-17T12:28:55.000Z] [VEHICLE_ID:VH-1003] [ERROR] [CODE:P0128] Coolant thermostat temperature below regulating
[2026-02-15T15:01:57.000Z] [VEHICLE_ID:VH-1008] [INFO] [CODE:B0000] Comfort module self-test completed successfully
[2026-02-18T00:36:54.000Z] [VEHICLE_ID:VH-1020] [INFO] [CODE:U0000] Network communication bus check passed
[2026-02-16T04:34:58.000Z] [VEHICLE_ID:VH-1017] [INFO] [CODE:P0000] Vehicle systems nominal — all checks passed
[2026-02-16T13:41:08.000Z] [VEHICLE_ID:VH-1010] [WARN] [CODE:U0401] Invalid data received from ECM/PCM
[2026-02-14T13:17:30.000Z] [VEHICLE_ID:VH-1020] [WARN] [CODE:P0420] Catalyst system efficiency below threshold (Bank 1)
[2026-02-19T00:09:20.000Z] [VEHICLE_ID:VH-1006] [WARN] [CODE:C0050] Right rear wheel speed sensor circuit malfunction
[2026-02-17T10:24:16.000Z] [VEHICLE_ID:VH-1009] [WARN] [CODE:B1234] Interior ambient temperature sensor circuit malfunction
[2026-02-17T17:04:53.000Z] [VEHICLE_ID:VH-1020] [WARN] [CODE:U0401] Invalid data received from ECM/PCM
[2026-02-14T08:03:50.000Z] [VEHICLE_ID:VH-1003] [WARN] [CODE:P0128] Coolant thermostat temperature below regulating
[2026-02-19T23:34:14.000Z] [VEHICLE_ID:VH-1019] [INFO] [CODE:P0000] Vehicle systems nominal — all checks passed
[2026-02-18T15:11:03.000Z] [VEHICLE_ID:VH-1020] [ERROR] [CODE:P0420] Catalyst system efficiency below threshold (Bank 1)
[2026-02-16T10:46:00.000Z] [VEHICLE_ID:VH-1008] [ERROR] [CODE:P0442] Evaporative emission control system leak detected (small leak)
[2026-02-19T05:59:24.000Z] [VEHICLE_ID:VH-1012] [INFO] [CODE:U0000] Network communication bus check passed
[2026-02-18T19:36:17.000Z] [VEHICLE_ID:VH-1015] [INFO] [CODE:P0000] Vehicle systems nominal — all checks passed
[2026-02-19T01:46:24.000Z] [VEHICLE_ID:VH-1017] [INFO] [CODE:B0000] Comfort module self-test completed successfully
[2026-02-19T01:43:54.000Z] [VEHICLE_ID:VH-1002] [INFO] [CODE:C0000] Chassis stability control system operational
[2026-02-18T08:01:20.000Z] [VEHICLE_ID:VH-1019] [WARN] [CODE:B1234] Interior ambient temperature sensor circuit malfunction
[2026-02-16T03:59:00.000Z] [VEHICLE_ID:VH-1002] [WARN] [CODE:P0128] Coolant thermostat temperature below regulating
[2026-02-17T12:38:52.000Z] [VEHICLE_ID:VH-1019] [INFO] [CODE:C0000] Chassis stability control system operational
[2026-02-16T21:34:14.000Z] [VEHICLE_ID:VH-1012] [INFO] [CODE:P0000] Vehicle systems nominal — all checks passed
[2026-02-14T11:12:45.000Z] [VEHICLE_ID:VH-1009] [INFO] [CODE:C0000] Chassis stability control system operational
[2026-02-17T12:44:36.000Z] [VEHICLE_ID:VH-1019] [INFO] [CODE:U0000] Network communication bus check passed
[2026-02-17T10:52:38.000Z] [VEHICLE_ID:VH-1002] [ERROR] [CODE:U0100] Lost communication with ECM/PCM
[2026-02-20T09:39:00.000Z] [VEHICLE_ID:VH-1018] [INFO] [CODE:B0000] Comfort module self-test completed successfully
[2026-02-15T08:36:54.000Z] [VEHICLE_ID:VH-1007] [WARN] [CODE:P0128] Coolant thermostat temperature below regulating
[2026-02-15T09:45:36.000Z] [VEHICLE_ID:VH-1018] [ERROR] [CODE:B1600] Airbag system warning lamp circuit malfunction
[2026-02-19T17:21:55.000Z] [VEHICLE_ID:VH-1012] [INFO] [CODE:P0000] Vehicle systems nominal — all checks passed
[2026-02-15T17:43:58.000Z] [VEHICLE_ID:VH-1016] [INFO] [CODE:B0000] Comfort module self-test completed successfully
[2026-02-19T23:15:11.000Z] [VEHICLE_ID:VH-1001] [ERROR] [CODE:C0035] Left front wheel speed sensor circuit malfunction
[2026-02-16T07:03:16.000Z] [VEHICLE_ID:VH-1004] [INFO] [CODE:P0000] Vehicle systems nominal — all checks passed
[2026-02-14T20:26:24.000Z] [VEHICLE_ID:VH-1004] [WARN] [CODE:C0050] Right rear wheel speed sensor circuit malfunction
[2026-02-17T09:17:01.000Z] [VEHICLE_ID:VH-1018] [WARN] [CODE:C0050] Right rear wheel speed sensor circuit malfunction
[2026-02-14T15:49:02.000Z] [VEHICLE_ID:VH-1010] [INFO] [CODE:P0000] Vehicle systems nominal — all checks passed
[2026-02-15T12:42:16.000Z] [VEHICLE_ID:VH-1014] [INFO] [CODE:U0000] Network communication bus check passed
[2026-02-18T19:07:54.000Z] [VEHICLE_ID:VH-1010] [ERROR] [CODE:P0171] System too lean (Bank 1)
[2026-02-17T14:21:58.000Z] [VEHICLE_ID:VH-1012] [INFO] [CODE:U0000] Network communication bus check passed
[2026-02-17T12:55:09.000Z] [VEHICLE_ID:VH-1008] [INFO] [CODE:U0000] Network communication bus check passed
[2026-02-17T21:55:50.000Z] [VEHICLE_ID:VH-1017] [ERROR] [CODE:P0128] Coolant thermostat temperature below regulating
[2026-02-15T02:59:57.000Z] [VEHICLE_ID:VH-1019] [INFO] [CODE:P0000] Vehicle systems nominal — all checks passed
[2026-02-14T21:50:25.000Z] [VEHICLE_ID:VH-1012] [INFO] [CODE:C0000] Chassis stability control system operational
[2026-02-18T06:55:32.000Z] [VEHICLE_ID:VH-1018] [WARN] [CODE:P0420] Catalyst system efficiency below threshold (Bank 1)
[2026-02-17T03:01:52.000Z] [VEHICLE_ID:VH-1017] [INFO] [CODE:U0000] Network communication bus check passed
[2026-02-15T20:37:16.000Z] [VEHICLE_ID:VH-1001] [ERROR] [CODE:C0035] Left front wheel speed sensor circuit malfunction
[2026-02-20T06:00:32.000Z] [VEHICLE_ID:VH-1020] [INFO] [CODE:B0000] Comfort module self-test completed successfully
[2026-02-15T17:32:17.000Z] [VEHICLE_ID:VH-1012] [INFO] [CODE:P0000] Vehicle systems nominal — all checks passed
[2026-02-16T03:05:46.000Z] [VEHICLE_ID:VH-1015] [INFO] [CODE:P0000] Vehicle systems nominal — all checks passed
[2026-02-18T16:30:10.000Z] [VEHICLE_ID:VH-1018] [INFO] [CODE:B0000] Comfort module self-test completed successfully
[2026-02-14T18:10:55.000Z] [VEHICLE_ID:VH-1006] [WARN] [CODE:P0300] Random/multiple cylinder misfire detected
[2026-02-18T15:14:16.000Z] [VEHICLE_ID:VH-1001] [INFO] [CODE:B0000] Comfort module self-test completed successfully
[2026-02-18T14:24:11.000Z] [VEHICLE_ID:VH-1015] [INFO] [CODE:B0000] Comfort module self-test completed successfully
[2026-02-19T01:25:51.000Z] [VEHICLE_ID:VH-1011] [WARN] [CODE:P0442] Evaporative emission control system leak detected (small leak)
[2026-02-16T11:59:31.000Z] [VEHICLE_ID:VH-1002] [INFO] [CODE:C0000] Chassis stability control system operational
[2026-02-20T08:04:23.000Z] [VEHICLE_ID:VH-1015] [INFO] [CODE:B0000] Comfort module self-test completed successfully
[2026-02-20T09:22:08.000Z] [VEHICLE_ID:VH-1019] [WARN] [CODE:C0050] Right rear wheel speed sensor circuit malfunction
[2026-02-14T23:14:43.000Z] [VEHICLE_ID:VH-1009] [ERROR] [CODE:P0420] Catalyst system efficiency below threshold (Bank 1)
[2026-02-20T15:03:48.000Z] [VEHICLE_ID:VH-1014] [WARN] [CODE:P0171] System too lean (Bank 1)
[2026-02-20T10:44:09.000Z] [VEHICLE_ID:VH-1005] [INFO] [CODE:C0000] Chassis stability control system operational
[2026-02-15T17:40:20.000Z] [VEHICLE_ID:VH-1009] [WARN] [CODE:P0171] System too lean (Bank 1)
[2026-02-14T13:18:46.000Z] [VEHICLE_ID:VH-1008] [WARN] [CODE:U0401] Invalid data received from ECM/PCM
[2026-02-16T23:32:10.000Z] [VEHICLE_ID:VH-1005] [INFO] [CODE:B0000] Comfort module self-test completed successfully
[2026-02-20T23:25:07.000Z] [VEHICLE_ID:VH-1012] [INFO] [CODE:C0000] Chassis stability control system operational
[2026-02-18T15:52:12.000Z] [VEHICLE_ID:VH-1017] [INFO] [CODE:C0000] Chassis stability control system operational
[2026-02-19T03:44:13.000Z] [VEHICLE_ID:VH-1010] [ERROR] [CODE:C0035] Left front wheel speed sensor circuit malfunction
[2026-02-14T01:26:54.000Z] [VEHICLE_ID:VH-1016] [ERROR] [CODE:B1600] Airbag system warning lamp circuit malfunction
[2026-02-16T17:36:40.000Z] [VEHICLE_ID:VH-1015] [INFO] [CODE:P0000] Vehicle systems nominal — all checks passed
[2026-02-14T17:30:32.000Z] [VEHICLE_ID:VH-1010] [INFO] [CODE:B0000] Comfort module self-test completed successfully
[2026-02-17T06:32:44.000Z] [VEHICLE_ID:VH-1013] [INFO] [CODE:P0000] Vehicle systems nominal — all checks passed
[2026-02-15T20:56:04.000Z] [VEHICLE_ID:VH-1018] [ERROR] [CODE:P0128] Coolant thermostat temperature below regulating
[2026-02-18T13:23:07.000Z] [VEHICLE_ID:VH-1011] [WARN] [CODE:P0300] Random/multiple cylinder misfire detected
[2026-02-14T18:52:00.000Z] [VEHICLE_ID:VH-1008] [INFO] [CODE:U0000] Network communication bus check passed
[2026-02-18T07:38:35.000Z] [VEHICLE_ID:VH-1020] [INFO] [CODE:P0000] Vehicle systems nominal — all checks passed
[2026-02-14T13:29:26.000Z] [VEHICLE_ID:VH-1017] [INFO] [CODE:P0000] Vehicle systems nominal — all checks passed
[2026-02-14T19:15:47.000Z] [VEHICLE_ID:VH-1001] [WARN] [CODE:C0050] Right rear wheel speed sensor circuit malfunction
[2026-02-15T21:57:11.000Z] [VEHICLE_ID:VH-1019] [INFO] [CODE:C0000] Chassis stability control system operational
[2026-02-19T12:28:13.000Z] [VEHICLE_ID:VH-1001] [INFO] [CODE:U0000] Network communication bus check passed
[2026-02-19T22:38:06.000Z] [VEHICLE_ID:VH-1020] [WARN] [CODE:P0442] Evaporative emission control system leak detected (small leak)
[2026-02-16T13:52:37.000Z] [VEHICLE_ID:VH-1006] [INFO] [CODE:U0000] Network communication bus check passed
[2026-02-14T02:53:22.000Z] [VEHICLE_ID:VH-1003] [WARN] [CODE:C0050] Right rear wheel speed sensor circuit malfunction
[2026-02-20T12:17:56.000Z] [VEHICLE_ID:VH-1002] [INFO] [CODE:B0000] Comfort module self-test completed successfully
[2026-02-18T18:11:40.000Z] [VEHICLE_ID:VH-1012] [WARN] [CODE:P0300] Random/multiple cylinder misfire detected
[2026-02-20T08:24:32.000Z] [VEHICLE_ID:VH-1020] [INFO] [CODE:C0000] Chassis stability control system operational
[2026-02-16T12:30:45.000Z] [VEHICLE_ID:VH-1020] [INFO] [CODE:C0000] Chassis stability control system operational
[2026-02-19T07:07:28.000Z] [VEHICLE_ID:VH-1009] [INFO] [CODE:C0000] Chassis stability control system operational
[2026-02-15T08:22:18.000Z] [VEHICLE_ID:VH-1015] [WARN] [CODE:B1234] Interior ambient temperature sensor circuit malfunction
[2026-02-17T08:59:45.000Z] [VEHICLE_ID:VH-1005] [WARN] [CODE:P0442] Evaporative emission control system leak detected (small leak)
[2026-02-14T20:53:24.000Z] [VEHICLE_ID:VH-1016] [INFO] [CODE:B0000] Comfort module self-test completed successfully
[2026-02-15T04:45:38.000Z] [VEHICLE_ID:VH-1014] [INFO] [CODE:P0000] Vehicle systems nominal — all checks passed
[2026-02-15T00:21:29.000Z] [VEHICLE_ID:VH-1007] [WARN] [CODE:U0401] Invalid data received from ECM/PCM
[2026-02-20T01:45:51.000Z] [VEHICLE_ID:VH-1008] [INFO] [CODE:U0000] Network communication bus check passed
[2026-02-16T12:53:06.000Z] [VEHICLE_ID:VH-1010] [ERROR] [CODE:P0300] Random/multiple cylinder misfire detected
[2026-02-14T14:03:56.000Z] [VEHICLE_ID:VH-1008] [ERROR] [CODE:B1234] Interior ambient temperature sensor circuit malfunction
[2026-02-15T00:54:56.000Z] [VEHICLE_ID:VH-1006] [INFO] [CODE:U0000] Network communication bus check passed
[2026-02-16T12:10:22.000Z] [VEHICLE_ID:VH-1018] [WARN] [CODE:P0442] Evaporative emission control system leak detected (small leak)
[2026-02-14T04:37:06.000Z] [VEHICLE_ID:VH-1011] [ERROR] [CODE:U0401] Invalid data received from ECM/PCM
[2026-02-15T20:04:01.000Z] [VEHICLE_ID:VH-1015] [ERROR] [CODE:U0100] Lost communication with ECM/PCM
[2026-02-14T02:56:37.000Z] [VEHICLE_ID:VH-1010] [INFO] [CODE:P0000] Vehicle systems nominal — all checks passed
[2026-02-17T10:27:51.000Z] [VEHICLE_ID:VH-1018] [INFO] [CODE:P0000] Vehicle systems nominal — all checks passed
[2026-02-18T03:12:15.000Z] [VEHICLE_ID:VH-1002] [INFO] [CODE:B0000] Comfort module self-test completed successfully
[2026-02-15T14:13:53.000Z] [VEHICLE_ID:VH-1002] [ERROR] [CODE:P0300] Random/multiple cylinder misfire detected
[2026-02-16T17:05:10.000Z] [VEHICLE_ID:VH-1007] [ERROR] [CODE:P0171] System too lean (Bank 1)
[2026-02-18T17:39:54.000Z] [VEHICLE_ID:VH-1011] [WARN] [CODE:P0442] Evaporative emission control system leak detected (small leak)
[2026-02-18T06:23:15.000Z] [VEHICLE_ID:VH-1001] [INFO] [CODE:B0000] Comfort module self-test completed successfully
[2026-02-18T21:42:48.000Z] [VEHICLE_ID:VH-1007] [INFO] [CODE:C0000] Chassis stability control system operational
[2026-02-20T21:52:07.000Z] [VEHICLE_ID:VH-1005] [INFO] [CODE:B0000] Comfort module self-test completed successfully
[2026-02-20T01:47:00.000Z] [VEHICLE_ID:VH-1003] [INFO] [CODE:C0000] Chassis stability control system operational
[2026-02-16T18:11:34.000Z] [VEHICLE_ID:VH-1018] [INFO] [CODE:C0000] Chassis stability control system operational
[2026-02-20T22:41:07.000Z] [VEHICLE_ID:VH-1010] [WARN] [CODE:P0128] Coolant thermostat temperature below regulating
[2026-02-18T10:26:12.000Z] [VEHICLE_ID:VH-1017] [INFO] [CODE:C0000] Chassis stability control system operational
[2026-02-15T16:01:35.000Z] [VEHICLE_ID:VH-1009] [ERROR] [CODE:C0035] Left front wheel speed sensor circuit malfunction
[2026-02-18T00:08:40.000Z] [VEHICLE_ID:VH-1008] [INFO] [CODE:C0000] Chassis stability control system operational
[2026-02-18T06:16:08.000Z] [VEHICLE_ID:VH-1018] [ERROR] [CODE:U0401] Invalid data received from ECM/PCM
[2026-02-18T21:21:38.000Z] [VEHICLE_ID:VH-1017] [WARN] [CODE:P0300] Random/multiple cylinder misfire detected
[2026-02-17T22:46:37.000Z] [VEHICLE_ID:VH-1012] [ERROR] [CODE:C0035] Left front wheel speed sensor circuit malfunction
[2026-02-14T03:15:45.000Z] [VEHICLE_ID:VH-1004] [WARN] [CODE:U0401] Invalid data received from ECM/PCM
[2026-02-14T04:00:40.000Z] [VEHICLE_ID:VH-1004] [ERROR] [CODE:P0420] Catalyst system efficiency below threshold (Bank 1)
[2026-02-19T18:13:53.000Z] [VEHICLE_ID:VH-1016] [WARN] [CODE:P0300] Random/multiple cylinder misfire detected
[2026-02-16T11:41:57.000Z] [VEHICLE_ID:VH-1013] [WARN] [CODE:C0050] Right rear wheel speed sensor circuit malfunction
[2026-02-18T12:53:24.000Z] [VEHICLE_ID:VH-1018] [INFO] [CODE:B0000] Comfort module self-test completed successfully
[2026-02-14T09:00:13.000Z] [VEHICLE_ID:VH-1001] [ERROR] [CODE:P0171] System too lean (Bank 1)
[2026-02-18T04:24:56.000Z] [VEHICLE_ID:VH-1002] [WARN] [CODE:P0420] Catalyst system efficiency below threshold (Bank 1)
[2026-02-14T02:20:48.000Z] [VEHICLE_ID:VH-1012] [WARN] [CODE:U0401] Invalid data received from ECM/PCM
[2026-02-17T15:54:23.000Z] [VEHICLE_ID:VH-1014] [ERROR] [CODE:P0420] Catalyst system efficiency below threshold (Bank 1)
[2026-02-15T11:49:53.000Z] [VEHICLE_ID:VH-1002] [WARN] [CODE:P0128] Coolant thermostat temperature below regulating
[2026-02-17T00:46:37.000Z] [VEHICLE_ID:VH-1020] [WARN] [CODE:P0171] System too lean (Bank 1)
[2026-02-15T03:56:33.000Z] [VEHICLE_ID:VH-1005] [INFO] [CODE:U0000] Network communication bus check passed
[2026-02-17T12:55:40.000Z] [VEHICLE_ID:VH-1020] [INFO] [CODE:C0000] Chassis stability control system operational
[2026-02-14T19:55:05.000Z] [VEHICLE_ID:VH-1003] [ERROR] [CODE:U0401] Invalid data received from ECM/PCM
[2026-02-18T17:57:50.000Z] [VEHICLE_ID:VH-1016] [WARN] [CODE:P0171] System too lean (Bank 1)
[2026-02-15T09:16:58.000Z] [VEHICLE_ID:VH-1016] [INFO] [CODE:U0000] Network communication bus check passed
[2026-02-14T12:41:11.000Z] [VEHICLE_ID:VH-1003] [ERROR] [CODE:C0050] Right rear wheel speed sensor circuit malfunction
[2026-02-16T07:44:56.000Z] [VEHICLE_ID:VH-1012] [INFO] [CODE:P0000] Vehicle systems nominal — all checks passed
[2026-02-14T17:07:50.000Z] [VEHICLE_ID:VH-1001] [INFO] [CODE:B0000] Comfort module self-test completed successfully
[2026-02-20T02:57:16.000Z] [VEHICLE_ID:VH-1008] [ERROR] [CODE:P0300] Random/multiple cylinder misfire detected
[2026-02-14T18:07:58.000Z] [VEHICLE_ID:VH-1007] [WARN] [CODE:P0442] Evaporative emission control system leak detected (small leak)
[2026-02-14T09:59:17.000Z] [VEHICLE_ID:VH-1015] [WARN] [CODE:P0300] Random/multiple cylinder misfire detected
[2026-02-18T21:32:10.000Z] [VEHICLE_ID:VH-1002] [ERROR] [CODE:B1234] Interior ambient temperature sensor circuit malfunction
[2026-02-14T00:22:07.000Z] [VEHICLE_ID:VH-1012] [ERROR] [CODE:C0050] Right rear wheel speed sensor circuit malfunction
[2026-02-20T22:16:17.000Z] [VEHICLE_ID:VH-1003] [ERROR] [CODE:P0442] Evaporative emission control system leak detected (small leak)
[2026-02-18T14:35:54.000Z] [VEHICLE_ID:VH-1002] [WARN] [CODE:P0442] Evaporative emission control system leak detected (small leak)
[2026-02-14T20:58:26.000Z] [VEHICLE_ID:VH-1005] [INFO] [CODE:P0000] Vehicle systems nominal — all checks passed
[2026-02-19T18:25:19.000Z] [VEHICLE_ID:VH-1016] [WARN] [CODE:P0128] Coolant thermostat temperature below regulating
[2026-02-18T03:04:20.000Z] [VEHICLE_ID:VH-1017] [INFO] [CODE:U0000] Network communication bus check passed
[2026-02-20T10:32:06.000Z] [VEHICLE_ID:VH-1019] [INFO] [CODE:C0000] Chassis stability control system operational
[2026-02-19T16:36:45.000Z] [VEHICLE_ID:VH-1010] [INFO] [CODE:U0000] Network communication bus check passed
[2026-02-19T07:02:00.000Z] [VEHICLE_ID:VH-1002] [INFO] [CODE:B0000] Comfort module self-test completed successfully
[2026-02-18T02:12:32.000Z] [VEHICLE_ID:VH-1006] [WARN] [CODE:P0300] Random/multiple cylinder misfire detected
[2026-02-20T23:55:31.000Z] [VEHICLE_ID:VH-1003] [WARN] [CODE:P0128] Coolant thermostat temperature below regulating
[2026-02-16T08:47:57.000Z] [VEHICLE_ID:VH-1020] [INFO] [CODE:P0000] Vehicle systems nominal — all checks passed
[2026-02-15T11:12:50.000Z] [VEHICLE_ID:VH-1013] [WARN] [CODE:P0128] Coolant thermostat temperature below regulating
[2026-02-16T01:46:40.000Z] [VEHICLE_ID:VH-1011] [WARN] [CODE:P0171] System too lean (Bank 1)
[2026-02-17T18:47:09.000Z] [VEHICLE_ID:VH-1015] [INFO] [CODE:U0000] Network communication bus check passed
[2026-02-19T16:10:20.000Z] [VEHICLE_ID:VH-1007] [INFO] [CODE:C0000] Chassis stability control system operational
[2026-02-16T02:53:32.000Z] [VEHICLE_ID:VH-1019] [INFO] [CODE:U0000] Network communication bus check passed
[2026-02-19T06:58:03.000Z] [VEHICLE_ID:VH-1011] [WARN] [CODE:C0050] Right rear wheel speed sensor circuit malfunction
[2026-02-17T00:00:50.000Z] [VEHICLE_ID:VH-1004] [WARN] [CODE:P0300] Random/multiple cylinder misfire detected
[2026-02-20T14:11:35.000Z] [VEHICLE_ID:VH-1019] [INFO] [CODE:U0000] Network communication bus check passed
[2026-02-15T10:45:48.000Z] [VEHICLE_ID:VH-1008] [ERROR] [CODE:U0100] Lost communication with ECM/PCM
[2026-02-14T04:27:03.000Z] [VEHICLE_ID:VH-1001] [WARN] [CODE:U0401] Invalid data received from ECM/PCM
[2026-02-16T11:44:21.000Z] [VEHICLE_ID:VH-1015] [WARN] [CODE:P0442] Evaporative emission control system leak detected (small leak)
[2026-02-14T02:59:07.000Z] [VEHICLE_ID:VH-1007] [INFO] [CODE:C0000] Chassis stability control system operational
[2026-02-14T14:33:37.000Z] [VEHICLE_ID:VH-1011] [INFO] [CODE:P0000] Vehicle systems nominal — all checks passed
[2026-02-17T07:08:24.000Z] [VEHICLE_ID:VH-1018] [INFO] [CODE:U0000] Network communication bus check passed
[2026-02-14T06:15:10.000Z] [VEHICLE_ID:VH-1001] [WARN] [CODE:P0171] System too lean (Bank 1)
[2026-02-19T23:23:16.000Z] [VEHICLE_ID:VH-1003] [ERROR] [CODE:B1600] Airbag system warning lamp circuit malfunction
[2026-02-18T05:45:52.000Z] [VEHICLE_ID:VH-1008] [WARN] [CODE:C0050] Right rear wheel speed sensor circuit malfunction
[2026-02-14T16:28:25.000Z] [VEHICLE_ID:VH-1001] [INFO] [CODE:U0000] Network communication bus check passed
[2026-02-16T21:29:05.000Z] [VEHICLE_ID:VH-1020] [ERROR] [CODE:P0420] Catalyst system efficiency below threshold (Bank 1)
[2026-02-19T00:12:41.000Z] [VEHICLE_ID:VH-1019] [INFO] [CODE:U0000] Network communication bus check passed
[2026-02-15T21:28:41.000Z] [VEHICLE_ID:VH-1007] [INFO] [CODE:C0000] Chassis stability control system operational
[2026-02-19T02:15:31.000Z] [VEHICLE_ID:VH-1002] [INFO] [CODE:P0000] Vehicle systems nominal — all checks passed
[2026-02-18T10:19:28.000Z] [VEHICLE_ID:VH-1015] [INFO] [CODE:C0000] Chassis stability control system operational
[2026-02-14T20:04:51.000Z] [VEHICLE_ID:VH-1002] [INFO] [CODE:U0000] Network communication bus check passed
[2026-02-19T05:55:23.000Z] [VEHICLE_ID:VH-1012] [INFO] [CODE:P0000] Vehicle systems nominal — all checks passed
[2026-02-16T12:06:17.000Z] [VEHICLE_ID:VH-1003] [WARN] [CODE:P0171] System too lean (Bank 1)
[2026-02-15T20:15:21.000Z] [VEHICLE_ID:VH-1020] [WARN] [CODE:P0171] System too lean (Bank 1)
[2026-02-14T08:05:15.000Z] [VEHICLE_ID:VH-1004] [INFO] [CODE:U0000] Network communication bus check passed
[2026-02-18T08:49:40.000Z] [VEHICLE_ID:VH-1015] [WARN] [CODE:P0300] Random/multiple cylinder misfire detected
[2026-02-14T09:22:34.000Z] [VEHICLE_ID:VH-1017] [ERROR] [CODE:P0420] Catalyst system efficiency below threshold (Bank 1)
[2026-02-15T13:47:07.000Z] [VEHICLE_ID:VH-1010] [INFO] [CODE:U0000] Network communication bus check passed
[2026-02-19T05:27:08.000Z] [VEHICLE_ID:VH-1011] [WARN] [CODE:B1234] Interior ambient temperature sensor circuit malfunction
[2026-02-18T20:29:52.000Z] [VEHICLE_ID:VH-1002] [WARN] [CODE:P0171] System too lean (Bank 1)
[2026-02-16T10:25:37.000Z] [VEHICLE_ID:VH-1020] [ERROR] [CODE:C0050] Right rear wheel speed sensor circuit malfunction
[2026-02-16T11:46:10.000Z] [VEHICLE_ID:VH-1002] [INFO] [CODE:B0000] Comfort module self-test completed successfully
[2026-02-20T20:22:21.000Z] [VEHICLE_ID:VH-1008] [INFO] [CODE:P0000] Vehicle systems nominal — all checks passed
[2026-02-16T02:47:09.000Z] [VEHICLE_ID:VH-1015] [WARN] [CODE:P0128] Coolant thermostat temperature below regulating
[2026-02-14T01:38:10.000Z] [VEHICLE_ID:VH-1010] [WARN] [CODE:P0171] System too lean (Bank 1)
[2026-02-17T21:45:10.000Z] [VEHICLE_ID:VH-1010] [ERROR] [CODE:P0420] Catalyst system efficiency below threshold (Bank 1)
[2026-02-16T01:46:53.000Z] [VEHICLE_ID:VH-1014] [INFO] [CODE:B0000] Comfort module self-test completed successfully
[2026-02-18T21:47:46.000Z] [VEHICLE_ID:VH-1013] [INFO] [CODE:C0000] Chassis stability control system operational
[2026-02-15T09:30:42.000Z] [VEHICLE_ID:VH-1015] [INFO] [CODE:P0000] Vehicle systems nominal — all checks passed
[2026-02-18T12:46:57.000Z] [VEHICLE_ID:VH-1010] [WARN] [CODE:C0050] Right rear wheel speed sensor circuit malfunction
[2026-02-14T16:43:40.000Z] [VEHICLE_ID:VH-1008] [WARN] [CODE:P0442] Evaporative emission control system leak detected (small leak)
[2026-02-17T12:44:55.000Z] [VEHICLE_ID:VH-1015] [INFO] [CODE:C0000] Chassis stability control system operational
[2026-02-15T17:32:30.000Z] [VEHICLE_ID:VH-1015] [INFO] [CODE:P0000] Vehicle systems nominal — all checks passed
[2026-02-20T00:09:33.000Z] [VEHICLE_ID:VH-1017] [INFO] [CODE:U0000] Network communication bus check passed
[2026-02-16T23:57:48.000Z] [VEHICLE_ID:VH-1012] [WARN] [CODE:P0420] Catalyst system efficiency below threshold (Bank 1)
[2026-02-16T03:11:02.000Z] [VEHICLE_ID:VH-1017] [INFO] [CODE:P0000] Vehicle systems nominal — all checks passed
[2026-02-14T03:49:38.000Z] [VEHICLE_ID:VH-1010] [WARN] [CODE:U0401] Invalid data received from ECM/PCM
[2026-02-15T09:44:00.000Z] [VEHICLE_ID:VH-1018] [INFO] [CODE:B0000] Comfort module self-test completed successfully
[2026-02-16T00:00:41.000Z] [VEHICLE_ID:VH-1020] [WARN] [CODE:U0401] Invalid data received from ECM/PCM
[2026-02-14T08:01:34.000Z] [VEHICLE_ID:VH-1016] [INFO] [CODE:B0000] Comfort module self-test completed successfully
[2026-02-16T20:59:46.000Z] [VEHICLE_ID:VH-1018] [WARN] [CODE:C0050] Right rear wheel speed sensor circuit malfunction
[2026-02-20T08:25:25.000Z] [VEHICLE_ID:VH-1018] [ERROR] [CODE:P0300] Random/multiple cylinder misfire detected
[2026-02-19T09:36:53.000Z] [VEHICLE_ID:VH-1005] [WARN] [CODE:P0300] Random/multiple cylinder misfire detected
[2026-02-14T23:30:29.000Z] [VEHICLE_ID:VH-1018] [WARN] [CODE:P0420] Catalyst system efficiency below threshold (Bank 1)
[2026-02-18T19:24:12.000Z] [VEHICLE_ID:VH-1004] [INFO] [CODE:C0000] Chassis stability control system operational
[2026-02-14T12:20:34.000Z] [VEHICLE_ID:VH-1004] [ERROR] [CODE:P0420] Catalyst system efficiency below threshold (Bank 1)
[2026-02-14T19:14:25.000Z] [VEHICLE_ID:VH-1006] [WARN] [CODE:P0128] Coolant thermostat temperature below regulating
[2026-02-15T19:10:37.000Z] [VEHICLE_ID:VH-1016] [INFO] [CODE:U0000] Network communication bus check passed
[2026-02-16T13:36:41.000Z] [VEHICLE_ID:VH-1018] [ERROR] [CODE:P0128] Coolant thermostat temperature below regulating
[2026-02-18T16:02:28.000Z] [VEHICLE_ID:VH-1003] [WARN] [CODE:P0300] Random/multiple cylinder misfire detected
[2026-02-18T00:48:07.000Z] [VEHICLE_ID:VH-1011] [INFO] [CODE:P0000] Vehicle systems nominal — all checks passed
[2026-02-20T04:10:05.000Z] [VEHICLE_ID:VH-1012] [INFO] [CODE:B0000] Comfort module self-test completed successfully
[2026-02-15T21:16:34.000Z] [VEHICLE_ID:VH-1018] [INFO] [CODE:C0000] Chassis stability control system operational
[2026-02-15T23:01:49.000Z] [VEHICLE_ID:VH-1004] [ERROR] [CODE:P0300] Random/multiple cylinder misfire detected
[2026-02-19T21:13:27.000Z] [VEHICLE_ID:VH-1003] [INFO] [CODE:C0000] Chassis stability control system operational
[2026-02-19T03:05:01.000Z] [VEHICLE_ID:VH-1014] [INFO] [CODE:B0000] Comfort module self-test completed successfully
[2026-02-20T04:15:25.000Z] [VEHICLE_ID:VH-1016] [INFO] [CODE:P0000] Vehicle systems nominal — all checks passed
[2026-02-20T19:17:49.000Z] [VEHICLE_ID:VH-1013] [INFO] [CODE:C0000] Chassis stability control system operational
[2026-02-20T19:41:54.000Z] [VEHICLE_ID:VH-1010] [WARN] [CODE:P0442] Evaporative emission control system leak detected (small leak)
[2026-02-16T21:41:41.000Z] [VEHICLE_ID:VH-1016] [INFO] [CODE:B0000] Comfort module self-test completed successfully
[2026-02-17T22:58:09.000Z] [VEHICLE_ID:VH-1011] [INFO] [CODE:B0000] Comfort module self-test completed successfully
[2026-02-16T14:14:09.000Z] [VEHICLE_ID:VH-1018] [ERROR] [CODE:P0171] System too lean (Bank 1)
[2026-02-18T15:57:30.000Z] [VEHICLE_ID:VH-1018] [WARN] [CODE:P0442] Evaporative emission control system leak detected (small leak)
[2026-02-14T06:21:37.000Z] [VEHICLE_ID:VH-1018] [INFO] [CODE:U0000] Network communication bus check passed
[2026-02-16T18:27:50.000Z] [VEHICLE_ID:VH-1005] [INFO] [CODE:C0000] Chassis stability control system operational
[2026-02-14T17:41:47.000Z] [VEHICLE_ID:VH-1004] [ERROR] [CODE:P0442] Evaporative emission control system leak detected (small leak)
[2026-02-15T21:29:24.000Z] [VEHICLE_ID:VH-1001] [INFO] [CODE:C0000] Chassis stability control system operational
[2026-02-14T10:42:06.000Z] [VEHICLE_ID:VH-1010] [INFO] [CODE:U0000] Network communication bus check passed
[2026-02-15T17:25:31.000Z] [VEHICLE_ID:VH-1020] [INFO] [CODE:C0000] Chassis stability control system operational
[2026-02-14T00:45:56.000Z] [VEHICLE_ID:VH-1020] [INFO] [CODE:U0000] Network communication bus check passed
[2026-02-17T09:31:48.000Z] [VEHICLE_ID:VH-1019] [INFO] [CODE:B0000] Comfort module self-test completed successfully
[2026-02-14T05:09:35.000Z] [VEHICLE_ID:VH-1007] [WARN] [CODE:B1234] Interior ambient temperature sensor circuit malfunction
[2026-02-17T02:28:24.000Z] [VEHICLE_ID:VH-1004] [ERROR] [CODE:B1600] Airbag system warning lamp circuit malfunction
[2026-02-20T20:00:00.000Z] [VEHICLE_ID:VH-1007] [WARN] [CODE:P0420] Catalyst system efficiency below threshold (Bank 1)
[2026-02-15T02:50:27.000Z] [VEHICLE_ID:VH-1015] [INFO] [CODE:U0000] Network communication bus check passed
[2026-02-16T14:01:00.000Z] [VEHICLE_ID:VH-1002] [ERROR] [CODE:C0035] Left front wheel speed sensor circuit malfunction
[2026-02-14T07:36:26.000Z] [VEHICLE_ID:VH-1005] [INFO] [CODE:P0000] Vehicle systems nominal — all checks passed
[2026-02-20T21:00:36.000Z] [VEHICLE_ID:VH-1010] [INFO] [CODE:B0000] Comfort module self-test completed successfully
[2026-02-18T06:28:29.000Z] [VEHICLE_ID:VH-1008] [WARN] [CODE:P0300] Random/multiple cylinder misfire detected
[2026-02-17T08:44:01.000Z] [VEHICLE_ID:VH-1002] [INFO] [CODE:U0000] Network communication bus check passed
[2026-02-16T16:24:47.000Z] [VEHICLE_ID:VH-1016] [INFO] [CODE:B0000] Comfort module self-test completed successfully
[2026-02-17T06:40:46.000Z] [VEHICLE_ID:VH-1015] [INFO] [CODE:B0000] Comfort module self-test completed successfully
[2026-02-14T06:09:36.000Z] [VEHICLE_ID:VH-1001] [INFO] [CODE:B0000] Comfort module self-test completed successfully
[2026-02-18T03:51:33.000Z] [VEHICLE_ID:VH-1004] [INFO] [CODE:U0000] Network communication bus check passed
[2026-02-17T03:44:56.000Z] [VEHICLE_ID:VH-1017] [WARN] [CODE:U0401] Invalid data received from ECM/PCM
[2026-02-18T18:30:27.000Z] [VEHICLE_ID:VH-1009] [ERROR] [CODE:U0401] Invalid data received from ECM/PCM
[2026-02-18T15:55:16.000Z] [VEHICLE_ID:VH-1005] [INFO] [CODE:B0000] Comfort module self-test completed successfully
[2026-02-17T13:27:07.000Z] [VEHICLE_ID:VH-1009] [INFO] [CODE:C0000] Chassis stability control system operational
[2026-02-16T12:13:23.000Z] [VEHICLE_ID:VH-1013] [INFO] [CODE:B0000] Comfort module self-test completed successfully
[2026-02-18T22:15:15.000Z] [VEHICLE_ID:VH-1010] [INFO] [CODE:U0000] Network communication bus check passed
[2026-02-19T23:57:51.000Z] [VEHICLE_ID:VH-1008] [INFO] [CODE:U0000] Network communication bus check passed
[2026-02-14T23:27:14.000Z] [VEHICLE_ID:VH-1004] [INFO] [CODE:U0000] Network communication bus check passed
[2026-02-16T16:04:48.000Z] [VEHICLE_ID:VH-1017] [WARN] [CODE:P0171] System too lean (Bank 1)
[2026-02-14T06:31:56.000Z] [VEHICLE_ID:VH-1004] [INFO] [CODE:U0000] Network communication bus check passed
[2026-02-18T05:37:00.000Z] [VEHICLE_ID:VH-1011] [ERROR] [CODE:C0035] Left front wheel speed sensor circuit malfunction
[2026-02-14T23:07:48.000Z] [VEHICLE_ID:VH-1014] [ERROR] [CODE:P0128] Coolant thermostat temperature below regulating
[2026-02-19T20:56:44.000Z] [VEHICLE_ID:VH-1013] [INFO] [CODE:U0000] Network communication bus check passed
[2026-02-19T19:59:16.000Z] [VEHICLE_ID:VH-1018] [WARN] [CODE:U0401] Invalid data received from ECM/PCM
[2026-02-19T07:07:40.000Z] [VEHICLE_ID:VH-1005] [INFO] [CODE:B0000] Comfort module self-test completed successfully
[2026-02-20T04:50:05.000Z] [VEHICLE_ID:VH-1015] [WARN] [CODE:U0401] Invalid data received from ECM/PCM
[2026-02-14T15:43:23.000Z] [VEHICLE_ID:VH-1010] [INFO] [CODE:C0000] Chassis stability control system operational
[2026-02-16T14:05:47.000Z] [VEHICLE_ID:VH-1016] [INFO] [CODE:P0000] Vehicle systems nominal — all checks passed
[2026-02-14T12:04:16.000Z] [VEHICLE_ID:VH-1015] [WARN] [CODE:P0442] Evaporative emission control system leak detected (small leak)
[2026-02-16T06:27:06.000Z] [VEHICLE_ID:VH-1018] [INFO] [CODE:B0000] Comfort module self-test completed successfully
[2026-02-15T06:36:40.000Z] [VEHICLE_ID:VH-1009] [INFO] [CODE:B0000] Comfort module self-test completed successfully
[2026-02-20T09:51:09.000Z] [VEHICLE_ID:VH-1019] [INFO] [CODE:P0000] Vehicle systems nominal — all checks passed
[2026-02-16T06:55:24.000Z] [VEHICLE_ID:VH-1005] [INFO] [CODE:U0000] Network communication bus check passed
[2026-02-14T18:32:58.000Z] [VEHICLE_ID:VH-1005] [INFO] [CODE:U0000] Network communication bus check passed
[2026-02-19T11:17:23.000Z] [VEHICLE_ID:VH-1006] [INFO] [CODE:B0000] Comfort module self-test completed successfully
[2026-02-14T20:43:15.000Z] [VEHICLE_ID:VH-1008] [WARN] [CODE:P0300] Random/multiple cylinder misfire detected
[2026-02-14T01:12:14.000Z] [VEHICLE_ID:VH-1009] [WARN] [CODE:U0401] Invalid data received from ECM/PCM
[2026-02-15T18:52:46.000Z] [VEHICLE_ID:VH-1009] [INFO] [CODE:B0000] Comfort module self-test completed successfully
[2026-02-17T16:12:31.000Z] [VEHICLE_ID:VH-1003] [INFO] [CODE:P0000] Vehicle systems nominal — all checks passed
[2026-02-18T12:15:23.000Z] [VEHICLE_ID:VH-1007] [ERROR] [CODE:C0035] Left front wheel speed sensor circuit malfunction
[2026-02-18T03:03:16.000Z] [VEHICLE_ID:VH-1011] [INFO] [CODE:B0000] Comfort module self-test completed successfully
[2026-02-16T18:48:05.000Z] [VEHICLE_ID:VH-1013] [WARN] [CODE:U0401] Invalid data received from ECM/PCM
[2026-02-16T21:12:22.000Z] [VEHICLE_ID:VH-1013] [INFO] [CODE:P0000] Vehicle systems nominal — all checks passed
[2026-02-17T09:06:44.000Z] [VEHICLE_ID:VH-1007] [INFO] [CODE:P0000] Vehicle systems nominal — all checks passed
[2026-02-17T00:48:11.000Z] [VEHICLE_ID:VH-1014] [INFO] [CODE:C0000] Chassis stability control system operational
[2026-02-16T03:43:17.000Z] [VEHICLE_ID:VH-1006] [INFO] [CODE:C0000] Chassis stability control system operational
[2026-02-14T07:49:48.000Z] [VEHICLE_ID:VH-1012] [WARN] [CODE:P0442] Evaporative emission control system leak detected (small leak)
[2026-02-15T07:22:40.000Z] [VEHICLE_ID:VH-1016] [INFO] [CODE:P0000] Vehicle systems nominal — all checks passed
[2026-02-18T13:55:54.000Z] [VEHICLE_ID:VH-1018] [WARN] [CODE:U0401] Invalid data received from ECM/PCM
[2026-02-17T18:39:12.000Z] [VEHICLE_ID:VH-1008] [INFO] [CODE:B0000] Comfort module self-test completed successfully
[2026-02-17T13:03:02.000Z] [VEHICLE_ID:VH-1006] [INFO] [CODE:U0000] Network communication bus check passed
[2026-02-14T06:13:59.000Z] [VEHICLE_ID:VH-1005] [INFO] [CODE:P0000] Vehicle systems nominal — all checks passed
[2026-02-16T11:34:05.000Z] [VEHICLE_ID:VH-1020] [WARN] [CODE:P0420] Catalyst system efficiency below threshold (Bank 1)
[2026-02-15T03:01:02.000Z] [VEHICLE_ID:VH-1006] [WARN] [CODE:P0442] Evaporative emission control system leak detected (small leak)
[2026-02-20T02:33:19.000Z] [VEHICLE_ID:VH-1007] [INFO] [CODE:C0000] Chassis stability control system operational
[2026-02-17T04:02:58.000Z] [VEHICLE_ID:VH-1004] [WARN] [CODE:P0420] Catalyst system efficiency below threshold (Bank 1)
[2026-02-19T21:51:30.000Z] [VEHICLE_ID:VH-1019] [WARN] [CODE:B1234] Interior ambient temperature sensor circuit malfunction
[2026-02-20T22:12:21.000Z] [VEHICLE_ID:VH-1014] [WARN] [CODE:P0300] Random/multiple cylinder misfire detected
[2026-02-17T00:02:59.000Z] [VEHICLE_ID:VH-1008] [WARN] [CODE:B1234] Interior ambient temperature sensor circuit malfunction
[2026-02-20T19:49:41.000Z] [VEHICLE_ID:VH-1016] [INFO] [CODE:C0000] Chassis stability control system operational
[2026-02-15T21:41:25.000Z] [VEHICLE_ID:VH-1019] [ERROR] [CODE:U0401] Invalid data received from ECM/PCM
[2026-02-16T16:03:53.000Z] [VEHICLE_ID:VH-1016] [INFO] [CODE:P0000] Vehicle systems nominal — all checks passed
[2026-02-18T17:29:52.000Z] [VEHICLE_ID:VH-1019] [INFO] [CODE:U0000] Network communication bus check passed
[2026-02-15T15:35:56.000Z] [VEHICLE_ID:VH-1011] [INFO] [CODE:C0000] Chassis stability control system operational
[2026-02-17T12:35:35.000Z] [VEHICLE_ID:VH-1016] [WARN] [CODE:P0171] System too lean (Bank 1)
[2026-02-14T15:25:52.000Z] [VEHICLE_ID:VH-1002] [INFO] [CODE:P0000] Vehicle systems nominal — all checks passed
[2026-02-19T03:59:12.000Z] [VEHICLE_ID:VH-1005] [INFO] [CODE:U0000] Network communication bus check passed
[2026-02-19T10:06:26.000Z] [VEHICLE_ID:VH-1015] [WARN] [CODE:U0401] Invalid data received from ECM/PCM
[2026-02-16T19:53:54.000Z] [VEHICLE_ID:VH-1016] [INFO] [CODE:B0000] Comfort module self-test completed successfully
[2026-02-20T17:07:59.000Z] [VEHICLE_ID:VH-1010] [WARN] [CODE:P0171] System too lean (Bank 1)
[2026-02-18T01:10:56.000Z] [VEHICLE_ID:VH-1020] [INFO] [CODE:C0000] Chassis stability control system operational
[2026-02-15T02:15:02.000Z] [VEHICLE_ID:VH-1012] [INFO] [CODE:C0000] Chassis stability control system operational
[2026-02-20T18:57:45.000Z] [VEHICLE_ID:VH-1019] [INFO] [CODE:C0000] Chassis stability control system operational
[2026-02-20T14:36:02.000Z] [VEHICLE_ID:VH-1009] [WARN] [CODE:P0300] Random/multiple cylinder misfire detected
[2026-02-16T03:21:45.000Z] [VEHICLE_ID:VH-1017] [INFO] [CODE:B0000] Comfort module self-test completed successfully
[2026-02-20T15:49:10.000Z] [VEHICLE_ID:VH-1010] [INFO] [CODE:C0000] Chassis stability control system operational
[2026-02-17T00:02:04.000Z] [VEHICLE_ID:VH-1009] [ERROR] [CODE:P0171] System too lean (Bank 1)
[2026-02-15T22:14:22.000Z] [VEHICLE_ID:VH-1003] [WARN] [CODE:P0420] Catalyst system efficiency below threshold (Bank 1)
[2026-02-14T03:14:44.000Z] [VEHICLE_ID:VH-1018] [INFO] [CODE:U0000] Network communication bus check passed
[2026-02-18T00:26:24.000Z] [VEHICLE_ID:VH-1010] [INFO] [CODE:C0000] Chassis stability control system operational
[2026-02-15T23:56:58.000Z] [VEHICLE_ID:VH-1004] [WARN] [CODE:U0401] Invalid data received from ECM/PCM
[2026-02-15T04:01:24.000Z] [VEHICLE_ID:VH-1018] [WARN] [CODE:U0401] Invalid data received from ECM/PCM
[2026-02-14T13:27:01.000Z] [VEHICLE_ID:VH-1002] [INFO] [CODE:U0000] Network communication bus check passed
[2026-02-14T11:01:45.000Z] [VEHICLE_ID:VH-1013] [ERROR] [CODE:P0128] Coolant thermostat temperature below regulating
[2026-02-15T08:44:03.000Z] [VEHICLE_ID:VH-1019] [ERROR] [CODE:P0300] Random/multiple cylinder misfire detected
[2026-02-16T02:02:59.000Z] [VEHICLE_ID:VH-1005] [INFO] [CODE:P0000] Vehicle systems nominal — all checks passed
[2026-02-19T22:40:20.000Z] [VEHICLE_ID:VH-1020] [INFO] [CODE:C0000] Chassis stability control system operational
[2026-02-19T10:10:14.000Z] [VEHICLE_ID:VH-1004] [INFO] [CODE:U0000] Network communication bus check passed
[2026-02-18T20:01:38.000Z] [VEHICLE_ID:VH-1002] [ERROR] [CODE:B1234] Interior ambient temperature sensor circuit malfunction
[2026-02-16T23:36:04.000Z] [VEHICLE_ID:VH-1005] [WARN] [CODE:P0171] System too lean (Bank 1)
[2026-02-17T02:58:43.000Z] [VEHICLE_ID:VH-1010] [INFO] [CODE:C0000] Chassis stability control system operational
[2026-02-15T07:54:12.000Z] [VEHICLE_ID:VH-1008] [WARN] [CODE:P0442] Evaporative emission control system leak detected (small leak)
[2026-02-17T20:42:58.000Z] [VEHICLE_ID:VH-1006] [INFO] [CODE:P0000] Vehicle systems nominal — all checks passed
[2026-02-14T17:04:03.000Z] [VEHICLE_ID:VH-1019] [INFO] [CODE:B0000] Comfort module self-test completed successfully
[2026-02-20T14:04:20.000Z] [VEHICLE_ID:VH-1018] [INFO] [CODE:U0000] Network communication bus check passed
[2026-02-20T06:02:41.000Z] [VEHICLE_ID:VH-1016] [ERROR] [CODE:C0050] Right rear wheel speed sensor circuit malfunction
[2026-02-15T10:46:54.000Z] [VEHICLE_ID:VH-1020] [WARN] [CODE:C0050] Right rear wheel speed sensor circuit malfunction
[2026-02-16T01:35:03.000Z] [VEHICLE_ID:VH-1017] [INFO] [CODE:P0000] Vehicle systems nominal — all checks passed
[2026-02-17T18:04:19.000Z] [VEHICLE_ID:VH-1006] [INFO] [CODE:B0000] Comfort module self-test completed successfully
[2026-02-19T19:35:08.000Z] [VEHICLE_ID:VH-1015] [INFO] [CODE:B0000] Comfort module self-test completed successfully
[2026-02-17T10:52:39.000Z] [VEHICLE_ID:VH-1017] [INFO] [CODE:U0000] Network communication bus check passed
[2026-02-18T03:18:39.000Z] [VEHICLE_ID:VH-1016] [WARN] [CODE:B1234] Interior ambient temperature sensor circuit malfunction
[2026-02-16T03:50:06.000Z] [VEHICLE_ID:VH-1014] [INFO] [CODE:C0000] Chassis stability control system operational
[2026-02-16T08:58:08.000Z] [VEHICLE_ID:VH-1012] [ERROR] [CODE:U0401] Invalid data received from ECM/PCM
[2026-02-20T19:54:00.000Z] [VEHICLE_ID:VH-1003] [INFO] [CODE:U0000] Network communication bus check passed
[2026-02-14T03:20:12.000Z] [VEHICLE_ID:VH-1013] [INFO] [CODE:U0000] Network communication bus check passed
[2026-02-17T14:50:20.000Z] [VEHICLE_ID:VH-1005] [ERROR] [CODE:B1600] Airbag system warning lamp circuit malfunction
[2026-02-18T19:46:10.000Z] [VEHICLE_ID:VH-1005] [INFO] [CODE:U0000] Network communication bus check passed
[2026-02-19T13:04:47.000Z] [VEHICLE_ID:VH-1014] [INFO] [CODE:U0000] Network communication bus check passed
[2026-02-18T10:47:30.000Z] [VEHICLE_ID:VH-1004] [WARN] [CODE:P0128] Coolant thermostat temperature below regulating
[2026-02-16T11:10:38.000Z] [VEHICLE_ID:VH-1018] [INFO] [CODE:C0000] Chassis stability control system operational
[2026-02-19T15:34:24.000Z] [VEHICLE_ID:VH-1010] [WARN] [CODE:P0420] Catalyst system efficiency below threshold (Bank 1)
[2026-02-19T04:58:50.000Z] [VEHICLE_ID:VH-1009] [ERROR] [CODE:C0035] Left front wheel speed sensor circuit malfunction
[2026-02-18T18:27:13.000Z] [VEHICLE_ID:VH-1005] [WARN] [CODE:B1234] Interior ambient temperature sensor circuit malfunction
[2026-02-14T09:25:47.000Z] [VEHICLE_ID:VH-1003] [ERROR] [CODE:P0442] Evaporative emission control system leak detected (small leak)
[2026-02-19T08:59:02.000Z] [VEHICLE_ID:VH-1009] [INFO] [CODE:P0000] Vehicle systems nominal — all checks passed
[2026-02-20T19:06:47.000Z] [VEHICLE_ID:VH-1004] [INFO] [CODE:U0000] Network communication bus check passed
[2026-02-19T14:14:56.000Z] [VEHICLE_ID:VH-1012] [INFO] [CODE:C0000] Chassis stability control system operational
[2026-02-16T07:22:33.000Z] [VEHICLE_ID:VH-1015] [INFO] [CODE:U0000] Network communication bus check passed
[2026-02-18T17:08:59.000Z] [VEHICLE_ID:VH-1003] [INFO] [CODE:P0000] Vehicle systems nominal — all checks passed
[2026-02-14T23:14:24.000Z] [VEHICLE_ID:VH-1002] [ERROR] [CODE:C0050] Right rear wheel speed sensor circuit malfunction
[2026-02-15T00:02:22.000Z] [VEHICLE_ID:VH-1014] [INFO] [CODE:P0000] Vehicle systems nominal — all checks passed
[2026-02-18T10:41:10.000Z] [VEHICLE_ID:VH-1013] [WARN] [CODE:P0442] Evaporative emission control system leak detected (small leak)
[2026-02-15T06:45:13.000Z] [VEHICLE_ID:VH-1020] [INFO] [CODE:B0000] Comfort module self-test completed successfully
[2026-02-20T10:27:17.000Z] [VEHICLE_ID:VH-1008] [INFO] [CODE:U0000] Network communication bus check passed
[2026-02-20T03:21:25.000Z] [VEHICLE_ID:VH-1009] [INFO] [CODE:B0000] Comfort module self-test completed successfully
[2026-02-20T09:30:37.000Z] [VEHICLE_ID:VH-1004] [INFO] [CODE:B0000] Comfort module self-test completed successfully
[2026-02-14T03:43:37.000Z] [VEHICLE_ID:VH-1005] [ERROR] [CODE:C0050] Right rear wheel speed sensor circuit malfunction
[2026-02-15T02:03:06.000Z] [VEHICLE_ID:VH-1001] [WARN] [CODE:U0401] Invalid data received from ECM/PCM
[2026-02-16T14:41:44.000Z] [VEHICLE_ID:VH-1002] [WARN] [CODE:B1234] Interior ambient temperature sensor circuit malfunction
[2026-02-19T12:57:57.000Z] [VEHICLE_ID:VH-1014] [INFO] [CODE:U0000] Network communication bus check passed
[2026-02-16T09:11:07.000Z] [VEHICLE_ID:VH-1007] [INFO] [CODE:C0000] Chassis stability control system operational
[2026-02-18T11:42:41.000Z] [VEHICLE_ID:VH-1011] [INFO] [CODE:U0000] Network communication bus check passed
[2026-02-20T01:58:56.000Z] [VEHICLE_ID:VH-1016] [WARN] [CODE:P0420] Catalyst system efficiency below threshold (Bank 1)
[2026-02-16T09:26:47.000Z] [VEHICLE_ID:VH-1017] [WARN] [CODE:P0442] Evaporative emission control system leak detected (small leak)
[2026-02-18T07:24:22.000Z] [VEHICLE_ID:VH-1006] [INFO] [CODE:C0000] Chassis stability control system operational
[2026-02-16T02:24:37.000Z] [VEHICLE_ID:VH-1001] [WARN] [CODE:B1234] Interior ambient temperature sensor circuit malfunction
[2026-02-17T08:21:55.000Z] [VEHICLE_ID:VH-1003] [WARN] [CODE:C0050] Right rear wheel speed sensor circuit malfunction
[2026-02-16T06:53:56.000Z] [VEHICLE_ID:VH-1009] [INFO] [CODE:P0000] Vehicle systems nominal — all checks passed
[2026-02-20T12:42:19.000Z] [VEHICLE_ID:VH-1011] [INFO] [CODE:P0000] Vehicle systems nominal — all checks passed
[2026-02-20T12:16:30.000Z] [VEHICLE_ID:VH-1019] [WARN] [CODE:P0300] Random/multiple cylinder misfire detected
[2026-02-20T04:17:02.000Z] [VEHICLE_ID:VH-1016] [INFO] [CODE:P0000] Vehicle systems nominal — all checks passed
[2026-02-18T07:43:28.000Z] [VEHICLE_ID:VH-1011] [WARN] [CODE:B1234] Interior ambient temperature sensor circuit malfunction
[2026-02-20T19:48:35.000Z] [VEHICLE_ID:VH-1018] [WARN] [CODE:B1234] Interior ambient temperature sensor circuit malfunction
[2026-02-17T23:17:39.000Z] [VEHICLE_ID:VH-1016] [WARN] [CODE:P0128] Coolant thermostat temperature below regulating
[2026-02-17T17:35:47.000Z] [VEHICLE_ID:VH-1009] [INFO] [CODE:U0000] Network communication bus check passed
[2026-02-14T00:17:21.000Z] [VEHICLE_ID:VH-1014] [INFO] [CODE:B0000] Comfort module self-test completed successfully
[2026-02-19T12:01:38.000Z] [VEHICLE_ID:VH-1009] [INFO] [CODE:C0000] Chassis stability control system operational
[2026-02-20T12:28:59.000Z] [VEHICLE_ID:VH-1008] [WARN] [CODE:P0171] System too lean (Bank 1)
[2026-02-15T08:53:58.000Z] [VEHICLE_ID:VH-1007] [INFO] [CODE:B0000] Comfort module self-test completed successfully
[2026-02-15T03:05:12.000Z] [VEHICLE_ID:VH-1012] [INFO] [CODE:U0000] Network communication bus check passed
[2026-02-14T01:04:47.000Z] [VEHICLE_ID:VH-1011] [WARN] [CODE:C0050] Right rear wheel speed sensor circuit malfunction
[2026-02-20T02:34:21.000Z] [VEHICLE_ID:VH-1007] [INFO] [CODE:U0000] Network communication bus check passed
[2026-02-15T18:03:02.000Z] [VEHICLE_ID:VH-1014] [INFO] [CODE:U0000] Network communication bus check passed
[2026-02-15T09:35:17.000Z] [VEHICLE_ID:VH-1003] [WARN] [CODE:P0442] Evaporative emission control system leak detected (small leak)
[2026-02-16T18:42:26.000Z] [VEHICLE_ID:VH-1013] [INFO] [CODE:U0000] Network communication bus check passed
[2026-02-19T08:33:34.000Z] [VEHICLE_ID:VH-1009] [INFO] [CODE:U0000] Network communication bus check passed
[2026-02-20T23:05:16.000Z] [VEHICLE_ID:VH-1012] [INFO] [CODE:U0000] Network communication bus check passed
[2026-02-14T02:06:04.000Z] [VEHICLE_ID:VH-1013] [INFO] [CODE:B0000] Comfort module self-test completed successfully
[2026-02-15T22:02:12.000Z] [VEHICLE_ID:VH-1003] [WARN] [CODE:P0420] Catalyst system efficiency below threshold (Bank 1)
[2026-02-20T10:56:24.000Z] [VEHICLE_ID:VH-1019] [INFO] [CODE:U0000] Network communication bus check passed
[2026-02-16T11:46:49.000Z] [VEHICLE_ID:VH-1017] [INFO] [CODE:B0000] Comfort module self-test completed successfully
[2026-02-20T10:15:00.000Z] [VEHICLE_ID:VH-1001] [ERROR] [CODE:P0171] System too lean (Bank 1)
[2026-02-20T12:30:00.000Z] [VEHICLE_ID:VH-1001] [ERROR] [CODE:P0300] Random/multiple cylinder misfire detected
[2026-02-20T15:45:00.000Z] [VEHICLE_ID:VH-1001] [ERROR] [CODE:P0420] Catalyst system efficiency below threshold (Bank 1)
[2026-02-20T18:00:00.000Z] [VEHICLE_ID:VH-1001] [ERROR] [CODE:P0442] Evaporative emission control system leak detected (small leak)
[2026-02-20T09:20:00.000Z] [VEHICLE_ID:VH-1002] [ERROR] [CODE:C0050] Right rear wheel speed sensor circuit malfunction
[2026-02-20T13:40:00.000Z] [VEHICLE_ID:VH-1002] [ERROR] [CODE:P0171] System too lean (Bank 1)
[2026-02-20T17:10:00.000Z] [VEHICLE_ID:VH-1002] [ERROR] [CODE:P0300] Random/multiple cylinder misfire detected
[2026-02-20T11:05:00.000Z] [VEHICLE_ID:VH-1004] [ERROR] [CODE:P0420] Catalyst system efficiency below threshold (Bank 1)
[2026-02-20T14:25:00.000Z] [VEHICLE_ID:VH-1004] [ERROR] [CODE:B1234] Passenger airbag circuit resistance out of range
[2026-02-20T19:50:00.000Z] [VEHICLE_ID:VH-1004] [ERROR] [CODE:U0401] Invalid data received from ECM/PCM — possible CAN bus fault
